{
    "meta": {
        "format": 3,
        "version": "7.13.0",
        "timestamp": "2025-12-30T20:09:46.512900",
        "branch_coverage": false,
        "show_contexts": false
    },
    "files": {
        "refactored_sqltools\\__init__.py": {
            "executed_lines": [
                1,
                7,
                8,
                10,
                12
            ],
            "summary": {
                "covered_lines": 4,
                "num_statements": 4,
                "percent_covered": 100.0,
                "percent_covered_display": "100",
                "missing_lines": 0,
                "excluded_lines": 0,
                "percent_statements_covered": 100.0,
                "percent_statements_covered_display": "100"
            },
            "missing_lines": [],
            "excluded_lines": [],
            "functions": {
                "": {
                    "executed_lines": [
                        1,
                        7,
                        8,
                        10,
                        12
                    ],
                    "summary": {
                        "covered_lines": 4,
                        "num_statements": 4,
                        "percent_covered": 100.0,
                        "percent_covered_display": "100",
                        "missing_lines": 0,
                        "excluded_lines": 0,
                        "percent_statements_covered": 100.0,
                        "percent_statements_covered_display": "100"
                    },
                    "missing_lines": [],
                    "excluded_lines": []
                }
            },
            "classes": {
                "": {
                    "executed_lines": [
                        1,
                        7,
                        8,
                        10,
                        12
                    ],
                    "summary": {
                        "covered_lines": 4,
                        "num_statements": 4,
                        "percent_covered": 100.0,
                        "percent_covered_display": "100",
                        "missing_lines": 0,
                        "excluded_lines": 0,
                        "percent_statements_covered": 100.0,
                        "percent_statements_covered_display": "100"
                    },
                    "missing_lines": [],
                    "excluded_lines": []
                }
            }
        },
        "refactored_sqltools\\core\\__init__.py": {
            "executed_lines": [
                1,
                7,
                9
            ],
            "summary": {
                "covered_lines": 2,
                "num_statements": 2,
                "percent_covered": 100.0,
                "percent_covered_display": "100",
                "missing_lines": 0,
                "excluded_lines": 0,
                "percent_statements_covered": 100.0,
                "percent_statements_covered_display": "100"
            },
            "missing_lines": [],
            "excluded_lines": [],
            "functions": {
                "": {
                    "executed_lines": [
                        1,
                        7,
                        9
                    ],
                    "summary": {
                        "covered_lines": 2,
                        "num_statements": 2,
                        "percent_covered": 100.0,
                        "percent_covered_display": "100",
                        "missing_lines": 0,
                        "excluded_lines": 0,
                        "percent_statements_covered": 100.0,
                        "percent_statements_covered_display": "100"
                    },
                    "missing_lines": [],
                    "excluded_lines": []
                }
            },
            "classes": {
                "": {
                    "executed_lines": [
                        1,
                        7,
                        9
                    ],
                    "summary": {
                        "covered_lines": 2,
                        "num_statements": 2,
                        "percent_covered": 100.0,
                        "percent_covered_display": "100",
                        "missing_lines": 0,
                        "excluded_lines": 0,
                        "percent_statements_covered": 100.0,
                        "percent_statements_covered_display": "100"
                    },
                    "missing_lines": [],
                    "excluded_lines": []
                }
            }
        },
        "refactored_sqltools\\core\\database\\__init__.py": {
            "executed_lines": [
                1,
                7,
                8,
                10
            ],
            "summary": {
                "covered_lines": 3,
                "num_statements": 3,
                "percent_covered": 100.0,
                "percent_covered_display": "100",
                "missing_lines": 0,
                "excluded_lines": 0,
                "percent_statements_covered": 100.0,
                "percent_statements_covered_display": "100"
            },
            "missing_lines": [],
            "excluded_lines": [],
            "functions": {
                "": {
                    "executed_lines": [
                        1,
                        7,
                        8,
                        10
                    ],
                    "summary": {
                        "covered_lines": 3,
                        "num_statements": 3,
                        "percent_covered": 100.0,
                        "percent_covered_display": "100",
                        "missing_lines": 0,
                        "excluded_lines": 0,
                        "percent_statements_covered": 100.0,
                        "percent_statements_covered_display": "100"
                    },
                    "missing_lines": [],
                    "excluded_lines": []
                }
            },
            "classes": {
                "": {
                    "executed_lines": [
                        1,
                        7,
                        8,
                        10
                    ],
                    "summary": {
                        "covered_lines": 3,
                        "num_statements": 3,
                        "percent_covered": 100.0,
                        "percent_covered_display": "100",
                        "missing_lines": 0,
                        "excluded_lines": 0,
                        "percent_statements_covered": 100.0,
                        "percent_statements_covered_display": "100"
                    },
                    "missing_lines": [],
                    "excluded_lines": []
                }
            }
        },
        "refactored_sqltools\\core\\database\\drivers\\__init__.py": {
            "executed_lines": [
                1,
                7,
                8,
                9,
                11
            ],
            "summary": {
                "covered_lines": 4,
                "num_statements": 4,
                "percent_covered": 100.0,
                "percent_covered_display": "100",
                "missing_lines": 0,
                "excluded_lines": 0,
                "percent_statements_covered": 100.0,
                "percent_statements_covered_display": "100"
            },
            "missing_lines": [],
            "excluded_lines": [],
            "functions": {
                "": {
                    "executed_lines": [
                        1,
                        7,
                        8,
                        9,
                        11
                    ],
                    "summary": {
                        "covered_lines": 4,
                        "num_statements": 4,
                        "percent_covered": 100.0,
                        "percent_covered_display": "100",
                        "missing_lines": 0,
                        "excluded_lines": 0,
                        "percent_statements_covered": 100.0,
                        "percent_statements_covered_display": "100"
                    },
                    "missing_lines": [],
                    "excluded_lines": []
                }
            },
            "classes": {
                "": {
                    "executed_lines": [
                        1,
                        7,
                        8,
                        9,
                        11
                    ],
                    "summary": {
                        "covered_lines": 4,
                        "num_statements": 4,
                        "percent_covered": 100.0,
                        "percent_covered_display": "100",
                        "missing_lines": 0,
                        "excluded_lines": 0,
                        "percent_statements_covered": 100.0,
                        "percent_statements_covered_display": "100"
                    },
                    "missing_lines": [],
                    "excluded_lines": []
                }
            }
        },
        "refactored_sqltools\\core\\database\\drivers\\base.py": {
            "executed_lines": [
                1,
                8,
                9,
                10,
                12,
                15,
                16,
                17,
                18,
                19,
                20,
                21,
                22,
                25,
                26,
                34,
                35,
                36,
                37,
                38,
                40,
                41,
                56,
                57,
                66,
                67,
                83,
                92,
                101,
                111
            ],
            "summary": {
                "covered_lines": 27,
                "num_statements": 53,
                "percent_covered": 50.943396226415096,
                "percent_covered_display": "51",
                "missing_lines": 26,
                "excluded_lines": 0,
                "percent_statements_covered": 50.943396226415096,
                "percent_statements_covered_display": "51"
            },
            "missing_lines": [
                54,
                64,
                81,
                90,
                99,
                108,
                109,
                121,
                122,
                124,
                126,
                127,
                129,
                137,
                138,
                140,
                142,
                148,
                150,
                151,
                152,
                153,
                154,
                157,
                158,
                163
            ],
            "excluded_lines": [],
            "functions": {
                "DatabaseDriver.__init__": {
                    "executed_lines": [
                        35,
                        36,
                        37,
                        38
                    ],
                    "summary": {
                        "covered_lines": 4,
                        "num_statements": 4,
                        "percent_covered": 100.0,
                        "percent_covered_display": "100",
                        "missing_lines": 0,
                        "excluded_lines": 0,
                        "percent_statements_covered": 100.0,
                        "percent_statements_covered_display": "100"
                    },
                    "missing_lines": [],
                    "excluded_lines": []
                },
                "DatabaseDriver.connect": {
                    "executed_lines": [],
                    "summary": {
                        "covered_lines": 0,
                        "num_statements": 1,
                        "percent_covered": 0.0,
                        "percent_covered_display": "0",
                        "missing_lines": 1,
                        "excluded_lines": 0,
                        "percent_statements_covered": 0.0,
                        "percent_statements_covered_display": "0"
                    },
                    "missing_lines": [
                        54
                    ],
                    "excluded_lines": []
                },
                "DatabaseDriver.disconnect": {
                    "executed_lines": [],
                    "summary": {
                        "covered_lines": 0,
                        "num_statements": 1,
                        "percent_covered": 0.0,
                        "percent_covered_display": "0",
                        "missing_lines": 1,
                        "excluded_lines": 0,
                        "percent_statements_covered": 0.0,
                        "percent_statements_covered_display": "0"
                    },
                    "missing_lines": [
                        64
                    ],
                    "excluded_lines": []
                },
                "DatabaseDriver.execute_query": {
                    "executed_lines": [],
                    "summary": {
                        "covered_lines": 0,
                        "num_statements": 1,
                        "percent_covered": 0.0,
                        "percent_covered_display": "0",
                        "missing_lines": 1,
                        "excluded_lines": 0,
                        "percent_statements_covered": 0.0,
                        "percent_statements_covered_display": "0"
                    },
                    "missing_lines": [
                        81
                    ],
                    "excluded_lines": []
                },
                "DatabaseDriver.is_connected": {
                    "executed_lines": [],
                    "summary": {
                        "covered_lines": 0,
                        "num_statements": 1,
                        "percent_covered": 0.0,
                        "percent_covered_display": "0",
                        "missing_lines": 1,
                        "excluded_lines": 0,
                        "percent_statements_covered": 0.0,
                        "percent_statements_covered_display": "0"
                    },
                    "missing_lines": [
                        90
                    ],
                    "excluded_lines": []
                },
                "DatabaseDriver.get_connection_params": {
                    "executed_lines": [],
                    "summary": {
                        "covered_lines": 0,
                        "num_statements": 1,
                        "percent_covered": 0.0,
                        "percent_covered_display": "0",
                        "missing_lines": 1,
                        "excluded_lines": 0,
                        "percent_statements_covered": 0.0,
                        "percent_statements_covered_display": "0"
                    },
                    "missing_lines": [
                        99
                    ],
                    "excluded_lines": []
                },
                "DatabaseDriver._validate_connection": {
                    "executed_lines": [],
                    "summary": {
                        "covered_lines": 0,
                        "num_statements": 2,
                        "percent_covered": 0.0,
                        "percent_covered_display": "0",
                        "missing_lines": 2,
                        "excluded_lines": 0,
                        "percent_statements_covered": 0.0,
                        "percent_statements_covered_display": "0"
                    },
                    "missing_lines": [
                        108,
                        109
                    ],
                    "excluded_lines": []
                },
                "DatabaseDriver._handle_query_result": {
                    "executed_lines": [],
                    "summary": {
                        "covered_lines": 0,
                        "num_statements": 19,
                        "percent_covered": 0.0,
                        "percent_covered_display": "0",
                        "missing_lines": 19,
                        "excluded_lines": 0,
                        "percent_statements_covered": 0.0,
                        "percent_statements_covered_display": "0"
                    },
                    "missing_lines": [
                        121,
                        122,
                        124,
                        126,
                        127,
                        129,
                        137,
                        138,
                        140,
                        142,
                        148,
                        150,
                        151,
                        152,
                        153,
                        154,
                        157,
                        158,
                        163
                    ],
                    "excluded_lines": []
                },
                "": {
                    "executed_lines": [
                        1,
                        8,
                        9,
                        10,
                        12,
                        15,
                        16,
                        17,
                        18,
                        19,
                        20,
                        21,
                        22,
                        25,
                        26,
                        34,
                        40,
                        41,
                        56,
                        57,
                        66,
                        67,
                        83,
                        92,
                        101,
                        111
                    ],
                    "summary": {
                        "covered_lines": 23,
                        "num_statements": 23,
                        "percent_covered": 100.0,
                        "percent_covered_display": "100",
                        "missing_lines": 0,
                        "excluded_lines": 0,
                        "percent_statements_covered": 100.0,
                        "percent_statements_covered_display": "100"
                    },
                    "missing_lines": [],
                    "excluded_lines": []
                }
            },
            "classes": {
                "QueryResult": {
                    "executed_lines": [],
                    "summary": {
                        "covered_lines": 0,
                        "num_statements": 0,
                        "percent_covered": 100.0,
                        "percent_covered_display": "100",
                        "missing_lines": 0,
                        "excluded_lines": 0,
                        "percent_statements_covered": 100.0,
                        "percent_statements_covered_display": "100"
                    },
                    "missing_lines": [],
                    "excluded_lines": []
                },
                "DatabaseDriver": {
                    "executed_lines": [
                        35,
                        36,
                        37,
                        38
                    ],
                    "summary": {
                        "covered_lines": 4,
                        "num_statements": 30,
                        "percent_covered": 13.333333333333334,
                        "percent_covered_display": "13",
                        "missing_lines": 26,
                        "excluded_lines": 0,
                        "percent_statements_covered": 13.333333333333334,
                        "percent_statements_covered_display": "13"
                    },
                    "missing_lines": [
                        54,
                        64,
                        81,
                        90,
                        99,
                        108,
                        109,
                        121,
                        122,
                        124,
                        126,
                        127,
                        129,
                        137,
                        138,
                        140,
                        142,
                        148,
                        150,
                        151,
                        152,
                        153,
                        154,
                        157,
                        158,
                        163
                    ],
                    "excluded_lines": []
                },
                "": {
                    "executed_lines": [
                        1,
                        8,
                        9,
                        10,
                        12,
                        15,
                        16,
                        17,
                        18,
                        19,
                        20,
                        21,
                        22,
                        25,
                        26,
                        34,
                        40,
                        41,
                        56,
                        57,
                        66,
                        67,
                        83,
                        92,
                        101,
                        111
                    ],
                    "summary": {
                        "covered_lines": 23,
                        "num_statements": 23,
                        "percent_covered": 100.0,
                        "percent_covered_display": "100",
                        "missing_lines": 0,
                        "excluded_lines": 0,
                        "percent_statements_covered": 100.0,
                        "percent_statements_covered_display": "100"
                    },
                    "missing_lines": [],
                    "excluded_lines": []
                }
            }
        },
        "refactored_sqltools\\core\\database\\drivers\\firebird.py": {
            "executed_lines": [
                1,
                8,
                9,
                11,
                12,
                15,
                16,
                23,
                24,
                25,
                26,
                28,
                63,
                140,
                157,
                187
            ],
            "summary": {
                "covered_lines": 14,
                "num_statements": 76,
                "percent_covered": 18.42105263157895,
                "percent_covered_display": "18",
                "missing_lines": 62,
                "excluded_lines": 0,
                "percent_statements_covered": 18.42105263157895,
                "percent_statements_covered_display": "18"
            },
            "missing_lines": [
                40,
                45,
                46,
                47,
                48,
                49,
                50,
                51,
                52,
                53,
                54,
                56,
                84,
                86,
                87,
                90,
                91,
                92,
                98,
                107,
                108,
                118,
                119,
                121,
                123,
                130,
                131,
                132,
                134,
                135,
                136,
                137,
                138,
                144,
                145,
                146,
                147,
                148,
                149,
                151,
                153,
                154,
                155,
                171,
                173,
                174,
                175,
                177,
                179,
                180,
                181,
                182,
                183,
                185,
                194,
                200,
                201,
                202,
                203,
                204,
                205,
                207
            ],
            "excluded_lines": [],
            "functions": {
                "FirebirdDriver.__init__": {
                    "executed_lines": [
                        24,
                        25,
                        26
                    ],
                    "summary": {
                        "covered_lines": 3,
                        "num_statements": 3,
                        "percent_covered": 100.0,
                        "percent_covered_display": "100",
                        "missing_lines": 0,
                        "excluded_lines": 0,
                        "percent_statements_covered": 100.0,
                        "percent_statements_covered_display": "100"
                    },
                    "missing_lines": [],
                    "excluded_lines": []
                },
                "FirebirdDriver._import_driver": {
                    "executed_lines": [],
                    "summary": {
                        "covered_lines": 0,
                        "num_statements": 12,
                        "percent_covered": 0.0,
                        "percent_covered_display": "0",
                        "missing_lines": 12,
                        "excluded_lines": 0,
                        "percent_statements_covered": 0.0,
                        "percent_statements_covered_display": "0"
                    },
                    "missing_lines": [
                        40,
                        45,
                        46,
                        47,
                        48,
                        49,
                        50,
                        51,
                        52,
                        53,
                        54,
                        56
                    ],
                    "excluded_lines": []
                },
                "FirebirdDriver.connect": {
                    "executed_lines": [],
                    "summary": {
                        "covered_lines": 0,
                        "num_statements": 21,
                        "percent_covered": 0.0,
                        "percent_covered_display": "0",
                        "missing_lines": 21,
                        "excluded_lines": 0,
                        "percent_statements_covered": 0.0,
                        "percent_statements_covered_display": "0"
                    },
                    "missing_lines": [
                        84,
                        86,
                        87,
                        90,
                        91,
                        92,
                        98,
                        107,
                        108,
                        118,
                        119,
                        121,
                        123,
                        130,
                        131,
                        132,
                        134,
                        135,
                        136,
                        137,
                        138
                    ],
                    "excluded_lines": []
                },
                "FirebirdDriver.disconnect": {
                    "executed_lines": [],
                    "summary": {
                        "covered_lines": 0,
                        "num_statements": 10,
                        "percent_covered": 0.0,
                        "percent_covered_display": "0",
                        "missing_lines": 10,
                        "excluded_lines": 0,
                        "percent_statements_covered": 0.0,
                        "percent_statements_covered_display": "0"
                    },
                    "missing_lines": [
                        144,
                        145,
                        146,
                        147,
                        148,
                        149,
                        151,
                        153,
                        154,
                        155
                    ],
                    "excluded_lines": []
                },
                "FirebirdDriver.execute_query": {
                    "executed_lines": [],
                    "summary": {
                        "covered_lines": 0,
                        "num_statements": 11,
                        "percent_covered": 0.0,
                        "percent_covered_display": "0",
                        "missing_lines": 11,
                        "excluded_lines": 0,
                        "percent_statements_covered": 0.0,
                        "percent_statements_covered_display": "0"
                    },
                    "missing_lines": [
                        171,
                        173,
                        174,
                        175,
                        177,
                        179,
                        180,
                        181,
                        182,
                        183,
                        185
                    ],
                    "excluded_lines": []
                },
                "FirebirdDriver.get_driver_info": {
                    "executed_lines": [],
                    "summary": {
                        "covered_lines": 0,
                        "num_statements": 8,
                        "percent_covered": 0.0,
                        "percent_covered_display": "0",
                        "missing_lines": 8,
                        "excluded_lines": 0,
                        "percent_statements_covered": 0.0,
                        "percent_statements_covered_display": "0"
                    },
                    "missing_lines": [
                        194,
                        200,
                        201,
                        202,
                        203,
                        204,
                        205,
                        207
                    ],
                    "excluded_lines": []
                },
                "": {
                    "executed_lines": [
                        1,
                        8,
                        9,
                        11,
                        12,
                        15,
                        16,
                        23,
                        28,
                        63,
                        140,
                        157,
                        187
                    ],
                    "summary": {
                        "covered_lines": 11,
                        "num_statements": 11,
                        "percent_covered": 100.0,
                        "percent_covered_display": "100",
                        "missing_lines": 0,
                        "excluded_lines": 0,
                        "percent_statements_covered": 100.0,
                        "percent_statements_covered_display": "100"
                    },
                    "missing_lines": [],
                    "excluded_lines": []
                }
            },
            "classes": {
                "FirebirdDriver": {
                    "executed_lines": [
                        24,
                        25,
                        26
                    ],
                    "summary": {
                        "covered_lines": 3,
                        "num_statements": 65,
                        "percent_covered": 4.615384615384615,
                        "percent_covered_display": "5",
                        "missing_lines": 62,
                        "excluded_lines": 0,
                        "percent_statements_covered": 4.615384615384615,
                        "percent_statements_covered_display": "5"
                    },
                    "missing_lines": [
                        40,
                        45,
                        46,
                        47,
                        48,
                        49,
                        50,
                        51,
                        52,
                        53,
                        54,
                        56,
                        84,
                        86,
                        87,
                        90,
                        91,
                        92,
                        98,
                        107,
                        108,
                        118,
                        119,
                        121,
                        123,
                        130,
                        131,
                        132,
                        134,
                        135,
                        136,
                        137,
                        138,
                        144,
                        145,
                        146,
                        147,
                        148,
                        149,
                        151,
                        153,
                        154,
                        155,
                        171,
                        173,
                        174,
                        175,
                        177,
                        179,
                        180,
                        181,
                        182,
                        183,
                        185,
                        194,
                        200,
                        201,
                        202,
                        203,
                        204,
                        205,
                        207
                    ],
                    "excluded_lines": []
                },
                "": {
                    "executed_lines": [
                        1,
                        8,
                        9,
                        11,
                        12,
                        15,
                        16,
                        23,
                        28,
                        63,
                        140,
                        157,
                        187
                    ],
                    "summary": {
                        "covered_lines": 11,
                        "num_statements": 11,
                        "percent_covered": 100.0,
                        "percent_covered_display": "100",
                        "missing_lines": 0,
                        "excluded_lines": 0,
                        "percent_statements_covered": 100.0,
                        "percent_statements_covered_display": "100"
                    },
                    "missing_lines": [],
                    "excluded_lines": []
                }
            }
        },
        "refactored_sqltools\\core\\database\\drivers\\sqlserver.py": {
            "executed_lines": [
                1,
                8,
                10,
                11,
                14,
                15,
                22,
                23,
                24,
                26,
                45,
                119,
                136,
                166,
                187
            ],
            "summary": {
                "covered_lines": 13,
                "num_statements": 82,
                "percent_covered": 15.853658536585366,
                "percent_covered_display": "16",
                "missing_lines": 69,
                "excluded_lines": 0,
                "percent_statements_covered": 15.853658536585366,
                "percent_statements_covered_display": "16"
            },
            "missing_lines": [
                36,
                37,
                38,
                39,
                40,
                66,
                68,
                69,
                72,
                81,
                90,
                91,
                92,
                94,
                95,
                96,
                97,
                99,
                103,
                104,
                105,
                107,
                109,
                110,
                111,
                113,
                114,
                115,
                116,
                117,
                123,
                124,
                125,
                126,
                127,
                128,
                130,
                132,
                133,
                134,
                150,
                152,
                153,
                154,
                156,
                158,
                159,
                160,
                161,
                162,
                164,
                173,
                179,
                180,
                181,
                182,
                183,
                185,
                194,
                195,
                196,
                197,
                198,
                200,
                201,
                202,
                206,
                207,
                208
            ],
            "excluded_lines": [],
            "functions": {
                "SqlServerDriver.__init__": {
                    "executed_lines": [
                        23,
                        24
                    ],
                    "summary": {
                        "covered_lines": 2,
                        "num_statements": 2,
                        "percent_covered": 100.0,
                        "percent_covered_display": "100",
                        "missing_lines": 0,
                        "excluded_lines": 0,
                        "percent_statements_covered": 100.0,
                        "percent_statements_covered_display": "100"
                    },
                    "missing_lines": [],
                    "excluded_lines": []
                },
                "SqlServerDriver._import_driver": {
                    "executed_lines": [],
                    "summary": {
                        "covered_lines": 0,
                        "num_statements": 5,
                        "percent_covered": 0.0,
                        "percent_covered_display": "0",
                        "missing_lines": 5,
                        "excluded_lines": 0,
                        "percent_statements_covered": 0.0,
                        "percent_statements_covered_display": "0"
                    },
                    "missing_lines": [
                        36,
                        37,
                        38,
                        39,
                        40
                    ],
                    "excluded_lines": []
                },
                "SqlServerDriver.connect": {
                    "executed_lines": [],
                    "summary": {
                        "covered_lines": 0,
                        "num_statements": 25,
                        "percent_covered": 0.0,
                        "percent_covered_display": "0",
                        "missing_lines": 25,
                        "excluded_lines": 0,
                        "percent_statements_covered": 0.0,
                        "percent_statements_covered_display": "0"
                    },
                    "missing_lines": [
                        66,
                        68,
                        69,
                        72,
                        81,
                        90,
                        91,
                        92,
                        94,
                        95,
                        96,
                        97,
                        99,
                        103,
                        104,
                        105,
                        107,
                        109,
                        110,
                        111,
                        113,
                        114,
                        115,
                        116,
                        117
                    ],
                    "excluded_lines": []
                },
                "SqlServerDriver.disconnect": {
                    "executed_lines": [],
                    "summary": {
                        "covered_lines": 0,
                        "num_statements": 10,
                        "percent_covered": 0.0,
                        "percent_covered_display": "0",
                        "missing_lines": 10,
                        "excluded_lines": 0,
                        "percent_statements_covered": 0.0,
                        "percent_statements_covered_display": "0"
                    },
                    "missing_lines": [
                        123,
                        124,
                        125,
                        126,
                        127,
                        128,
                        130,
                        132,
                        133,
                        134
                    ],
                    "excluded_lines": []
                },
                "SqlServerDriver.execute_query": {
                    "executed_lines": [],
                    "summary": {
                        "covered_lines": 0,
                        "num_statements": 11,
                        "percent_covered": 0.0,
                        "percent_covered_display": "0",
                        "missing_lines": 11,
                        "excluded_lines": 0,
                        "percent_statements_covered": 0.0,
                        "percent_statements_covered_display": "0"
                    },
                    "missing_lines": [
                        150,
                        152,
                        153,
                        154,
                        156,
                        158,
                        159,
                        160,
                        161,
                        162,
                        164
                    ],
                    "excluded_lines": []
                },
                "SqlServerDriver.get_driver_info": {
                    "executed_lines": [],
                    "summary": {
                        "covered_lines": 0,
                        "num_statements": 7,
                        "percent_covered": 0.0,
                        "percent_covered_display": "0",
                        "missing_lines": 7,
                        "excluded_lines": 0,
                        "percent_statements_covered": 0.0,
                        "percent_statements_covered_display": "0"
                    },
                    "missing_lines": [
                        173,
                        179,
                        180,
                        181,
                        182,
                        183,
                        185
                    ],
                    "excluded_lines": []
                },
                "SqlServerDriver.get_available_drivers": {
                    "executed_lines": [],
                    "summary": {
                        "covered_lines": 0,
                        "num_statements": 11,
                        "percent_covered": 0.0,
                        "percent_covered_display": "0",
                        "missing_lines": 11,
                        "excluded_lines": 0,
                        "percent_statements_covered": 0.0,
                        "percent_statements_covered_display": "0"
                    },
                    "missing_lines": [
                        194,
                        195,
                        196,
                        197,
                        198,
                        200,
                        201,
                        202,
                        206,
                        207,
                        208
                    ],
                    "excluded_lines": []
                },
                "": {
                    "executed_lines": [
                        1,
                        8,
                        10,
                        11,
                        14,
                        15,
                        22,
                        26,
                        45,
                        119,
                        136,
                        166,
                        187
                    ],
                    "summary": {
                        "covered_lines": 11,
                        "num_statements": 11,
                        "percent_covered": 100.0,
                        "percent_covered_display": "100",
                        "missing_lines": 0,
                        "excluded_lines": 0,
                        "percent_statements_covered": 100.0,
                        "percent_statements_covered_display": "100"
                    },
                    "missing_lines": [],
                    "excluded_lines": []
                }
            },
            "classes": {
                "SqlServerDriver": {
                    "executed_lines": [
                        23,
                        24
                    ],
                    "summary": {
                        "covered_lines": 2,
                        "num_statements": 71,
                        "percent_covered": 2.816901408450704,
                        "percent_covered_display": "3",
                        "missing_lines": 69,
                        "excluded_lines": 0,
                        "percent_statements_covered": 2.816901408450704,
                        "percent_statements_covered_display": "3"
                    },
                    "missing_lines": [
                        36,
                        37,
                        38,
                        39,
                        40,
                        66,
                        68,
                        69,
                        72,
                        81,
                        90,
                        91,
                        92,
                        94,
                        95,
                        96,
                        97,
                        99,
                        103,
                        104,
                        105,
                        107,
                        109,
                        110,
                        111,
                        113,
                        114,
                        115,
                        116,
                        117,
                        123,
                        124,
                        125,
                        126,
                        127,
                        128,
                        130,
                        132,
                        133,
                        134,
                        150,
                        152,
                        153,
                        154,
                        156,
                        158,
                        159,
                        160,
                        161,
                        162,
                        164,
                        173,
                        179,
                        180,
                        181,
                        182,
                        183,
                        185,
                        194,
                        195,
                        196,
                        197,
                        198,
                        200,
                        201,
                        202,
                        206,
                        207,
                        208
                    ],
                    "excluded_lines": []
                },
                "": {
                    "executed_lines": [
                        1,
                        8,
                        10,
                        11,
                        14,
                        15,
                        22,
                        26,
                        45,
                        119,
                        136,
                        166,
                        187
                    ],
                    "summary": {
                        "covered_lines": 11,
                        "num_statements": 11,
                        "percent_covered": 100.0,
                        "percent_covered_display": "100",
                        "missing_lines": 0,
                        "excluded_lines": 0,
                        "percent_statements_covered": 100.0,
                        "percent_statements_covered_display": "100"
                    },
                    "missing_lines": [],
                    "excluded_lines": []
                }
            }
        },
        "refactored_sqltools\\core\\database\\manager.py": {
            "executed_lines": [
                1,
                8,
                10,
                11,
                12,
                13,
                16,
                17,
                25,
                30,
                31,
                32,
                33,
                35,
                36,
                46,
                47,
                54,
                56,
                69,
                77,
                78,
                79,
                81,
                83,
                107,
                129,
                137,
                163,
                173,
                178,
                180,
                202,
                224
            ],
            "summary": {
                "covered_lines": 32,
                "num_statements": 84,
                "percent_covered": 38.095238095238095,
                "percent_covered_display": "38",
                "missing_lines": 52,
                "excluded_lines": 0,
                "percent_statements_covered": 38.095238095238095,
                "percent_statements_covered_display": "38"
            },
            "missing_lines": [
                44,
                70,
                71,
                98,
                99,
                101,
                102,
                103,
                105,
                115,
                117,
                118,
                119,
                120,
                121,
                124,
                125,
                126,
                127,
                131,
                132,
                134,
                135,
                152,
                153,
                154,
                155,
                157,
                158,
                159,
                161,
                174,
                175,
                176,
                187,
                188,
                190,
                197,
                198,
                200,
                209,
                211,
                212,
                219,
                220,
                222,
                238,
                240,
                241,
                243,
                244,
                245
            ],
            "excluded_lines": [],
            "functions": {
                "DatabaseManager.__init__": {
                    "executed_lines": [
                        31,
                        32,
                        33
                    ],
                    "summary": {
                        "covered_lines": 3,
                        "num_statements": 3,
                        "percent_covered": 100.0,
                        "percent_covered_display": "100",
                        "missing_lines": 0,
                        "excluded_lines": 0,
                        "percent_statements_covered": 100.0,
                        "percent_statements_covered_display": "100"
                    },
                    "missing_lines": [],
                    "excluded_lines": []
                },
                "DatabaseManager.register_driver": {
                    "executed_lines": [],
                    "summary": {
                        "covered_lines": 0,
                        "num_statements": 1,
                        "percent_covered": 0.0,
                        "percent_covered_display": "0",
                        "missing_lines": 1,
                        "excluded_lines": 0,
                        "percent_statements_covered": 0.0,
                        "percent_statements_covered_display": "0"
                    },
                    "missing_lines": [
                        44
                    ],
                    "excluded_lines": []
                },
                "DatabaseManager.get_supported_databases": {
                    "executed_lines": [
                        54
                    ],
                    "summary": {
                        "covered_lines": 1,
                        "num_statements": 1,
                        "percent_covered": 100.0,
                        "percent_covered_display": "100",
                        "missing_lines": 0,
                        "excluded_lines": 0,
                        "percent_statements_covered": 100.0,
                        "percent_statements_covered_display": "100"
                    },
                    "missing_lines": [],
                    "excluded_lines": []
                },
                "DatabaseManager.get_driver": {
                    "executed_lines": [
                        69,
                        77,
                        78,
                        79,
                        81
                    ],
                    "summary": {
                        "covered_lines": 5,
                        "num_statements": 7,
                        "percent_covered": 71.42857142857143,
                        "percent_covered_display": "71",
                        "missing_lines": 2,
                        "excluded_lines": 0,
                        "percent_statements_covered": 71.42857142857143,
                        "percent_statements_covered_display": "71"
                    },
                    "missing_lines": [
                        70,
                        71
                    ],
                    "excluded_lines": []
                },
                "DatabaseManager.connect": {
                    "executed_lines": [],
                    "summary": {
                        "covered_lines": 0,
                        "num_statements": 6,
                        "percent_covered": 0.0,
                        "percent_covered_display": "0",
                        "missing_lines": 6,
                        "excluded_lines": 0,
                        "percent_statements_covered": 0.0,
                        "percent_statements_covered_display": "0"
                    },
                    "missing_lines": [
                        98,
                        99,
                        101,
                        102,
                        103,
                        105
                    ],
                    "excluded_lines": []
                },
                "DatabaseManager.disconnect": {
                    "executed_lines": [],
                    "summary": {
                        "covered_lines": 0,
                        "num_statements": 10,
                        "percent_covered": 0.0,
                        "percent_covered_display": "0",
                        "missing_lines": 10,
                        "excluded_lines": 0,
                        "percent_statements_covered": 0.0,
                        "percent_statements_covered_display": "0"
                    },
                    "missing_lines": [
                        115,
                        117,
                        118,
                        119,
                        120,
                        121,
                        124,
                        125,
                        126,
                        127
                    ],
                    "excluded_lines": []
                },
                "DatabaseManager.disconnect_all": {
                    "executed_lines": [],
                    "summary": {
                        "covered_lines": 0,
                        "num_statements": 4,
                        "percent_covered": 0.0,
                        "percent_covered_display": "0",
                        "missing_lines": 4,
                        "excluded_lines": 0,
                        "percent_statements_covered": 0.0,
                        "percent_statements_covered_display": "0"
                    },
                    "missing_lines": [
                        131,
                        132,
                        134,
                        135
                    ],
                    "excluded_lines": []
                },
                "DatabaseManager.execute_query": {
                    "executed_lines": [],
                    "summary": {
                        "covered_lines": 0,
                        "num_statements": 8,
                        "percent_covered": 0.0,
                        "percent_covered_display": "0",
                        "missing_lines": 8,
                        "excluded_lines": 0,
                        "percent_statements_covered": 0.0,
                        "percent_statements_covered_display": "0"
                    },
                    "missing_lines": [
                        152,
                        153,
                        154,
                        155,
                        157,
                        158,
                        159,
                        161
                    ],
                    "excluded_lines": []
                },
                "DatabaseManager.is_connected": {
                    "executed_lines": [
                        173,
                        178
                    ],
                    "summary": {
                        "covered_lines": 2,
                        "num_statements": 5,
                        "percent_covered": 40.0,
                        "percent_covered_display": "40",
                        "missing_lines": 3,
                        "excluded_lines": 0,
                        "percent_statements_covered": 40.0,
                        "percent_statements_covered_display": "40"
                    },
                    "missing_lines": [
                        174,
                        175,
                        176
                    ],
                    "excluded_lines": []
                },
                "DatabaseManager.get_current_driver_info": {
                    "executed_lines": [],
                    "summary": {
                        "covered_lines": 0,
                        "num_statements": 6,
                        "percent_covered": 0.0,
                        "percent_covered_display": "0",
                        "missing_lines": 6,
                        "excluded_lines": 0,
                        "percent_statements_covered": 0.0,
                        "percent_statements_covered_display": "0"
                    },
                    "missing_lines": [
                        187,
                        188,
                        190,
                        197,
                        198,
                        200
                    ],
                    "excluded_lines": []
                },
                "DatabaseManager.get_all_connections_status": {
                    "executed_lines": [],
                    "summary": {
                        "covered_lines": 0,
                        "num_statements": 6,
                        "percent_covered": 0.0,
                        "percent_covered_display": "0",
                        "missing_lines": 6,
                        "excluded_lines": 0,
                        "percent_statements_covered": 0.0,
                        "percent_statements_covered_display": "0"
                    },
                    "missing_lines": [
                        209,
                        211,
                        212,
                        219,
                        220,
                        222
                    ],
                    "excluded_lines": []
                },
                "DatabaseManager.switch_current_driver": {
                    "executed_lines": [],
                    "summary": {
                        "covered_lines": 0,
                        "num_statements": 6,
                        "percent_covered": 0.0,
                        "percent_covered_display": "0",
                        "missing_lines": 6,
                        "excluded_lines": 0,
                        "percent_statements_covered": 0.0,
                        "percent_statements_covered_display": "0"
                    },
                    "missing_lines": [
                        238,
                        240,
                        241,
                        243,
                        244,
                        245
                    ],
                    "excluded_lines": []
                },
                "": {
                    "executed_lines": [
                        1,
                        8,
                        10,
                        11,
                        12,
                        13,
                        16,
                        17,
                        25,
                        30,
                        35,
                        36,
                        46,
                        47,
                        56,
                        83,
                        107,
                        129,
                        137,
                        163,
                        180,
                        202,
                        224
                    ],
                    "summary": {
                        "covered_lines": 21,
                        "num_statements": 21,
                        "percent_covered": 100.0,
                        "percent_covered_display": "100",
                        "missing_lines": 0,
                        "excluded_lines": 0,
                        "percent_statements_covered": 100.0,
                        "percent_statements_covered_display": "100"
                    },
                    "missing_lines": [],
                    "excluded_lines": []
                }
            },
            "classes": {
                "DatabaseManager": {
                    "executed_lines": [
                        31,
                        32,
                        33,
                        54,
                        69,
                        77,
                        78,
                        79,
                        81,
                        173,
                        178
                    ],
                    "summary": {
                        "covered_lines": 11,
                        "num_statements": 63,
                        "percent_covered": 17.46031746031746,
                        "percent_covered_display": "17",
                        "missing_lines": 52,
                        "excluded_lines": 0,
                        "percent_statements_covered": 17.46031746031746,
                        "percent_statements_covered_display": "17"
                    },
                    "missing_lines": [
                        44,
                        70,
                        71,
                        98,
                        99,
                        101,
                        102,
                        103,
                        105,
                        115,
                        117,
                        118,
                        119,
                        120,
                        121,
                        124,
                        125,
                        126,
                        127,
                        131,
                        132,
                        134,
                        135,
                        152,
                        153,
                        154,
                        155,
                        157,
                        158,
                        159,
                        161,
                        174,
                        175,
                        176,
                        187,
                        188,
                        190,
                        197,
                        198,
                        200,
                        209,
                        211,
                        212,
                        219,
                        220,
                        222,
                        238,
                        240,
                        241,
                        243,
                        244,
                        245
                    ],
                    "excluded_lines": []
                },
                "": {
                    "executed_lines": [
                        1,
                        8,
                        10,
                        11,
                        12,
                        13,
                        16,
                        17,
                        25,
                        30,
                        35,
                        36,
                        46,
                        47,
                        56,
                        83,
                        107,
                        129,
                        137,
                        163,
                        180,
                        202,
                        224
                    ],
                    "summary": {
                        "covered_lines": 21,
                        "num_statements": 21,
                        "percent_covered": 100.0,
                        "percent_covered_display": "100",
                        "missing_lines": 0,
                        "excluded_lines": 0,
                        "percent_statements_covered": 100.0,
                        "percent_statements_covered_display": "100"
                    },
                    "missing_lines": [],
                    "excluded_lines": []
                }
            }
        },
        "refactored_sqltools\\core\\operations\\__init__.py": {
            "executed_lines": [
                1,
                5,
                6,
                7,
                10,
                11,
                12,
                13,
                14,
                15,
                16,
                18
            ],
            "summary": {
                "covered_lines": 11,
                "num_statements": 11,
                "percent_covered": 100.0,
                "percent_covered_display": "100",
                "missing_lines": 0,
                "excluded_lines": 0,
                "percent_statements_covered": 100.0,
                "percent_statements_covered_display": "100"
            },
            "missing_lines": [],
            "excluded_lines": [],
            "functions": {
                "": {
                    "executed_lines": [
                        1,
                        5,
                        6,
                        7,
                        10,
                        11,
                        12,
                        13,
                        14,
                        15,
                        16,
                        18
                    ],
                    "summary": {
                        "covered_lines": 11,
                        "num_statements": 11,
                        "percent_covered": 100.0,
                        "percent_covered_display": "100",
                        "missing_lines": 0,
                        "excluded_lines": 0,
                        "percent_statements_covered": 100.0,
                        "percent_statements_covered_display": "100"
                    },
                    "missing_lines": [],
                    "excluded_lines": []
                }
            },
            "classes": {
                "": {
                    "executed_lines": [
                        1,
                        5,
                        6,
                        7,
                        10,
                        11,
                        12,
                        13,
                        14,
                        15,
                        16,
                        18
                    ],
                    "summary": {
                        "covered_lines": 11,
                        "num_statements": 11,
                        "percent_covered": 100.0,
                        "percent_covered_display": "100",
                        "missing_lines": 0,
                        "excluded_lines": 0,
                        "percent_statements_covered": 100.0,
                        "percent_statements_covered_display": "100"
                    },
                    "missing_lines": [],
                    "excluded_lines": []
                }
            }
        },
        "refactored_sqltools\\core\\operations\\base.py": {
            "executed_lines": [
                1,
                8,
                9,
                10,
                11,
                13,
                16,
                17,
                18,
                19,
                20,
                21,
                22,
                23,
                26,
                27,
                34,
                42,
                43,
                45,
                46,
                61,
                73,
                91,
                116,
                137,
                178,
                212,
                216
            ],
            "summary": {
                "covered_lines": 26,
                "num_statements": 57,
                "percent_covered": 45.6140350877193,
                "percent_covered_display": "46",
                "missing_lines": 31,
                "excluded_lines": 0,
                "percent_statements_covered": 45.6140350877193,
                "percent_statements_covered_display": "46"
            },
            "missing_lines": [
                59,
                71,
                89,
                105,
                106,
                107,
                109,
                110,
                112,
                113,
                114,
                130,
                132,
                133,
                135,
                154,
                156,
                159,
                162,
                165,
                167,
                168,
                172,
                173,
                190,
                192,
                198,
                200,
                207,
                214,
                218
            ],
            "excluded_lines": [],
            "functions": {
                "BaseOperation.__init__": {
                    "executed_lines": [
                        42,
                        43
                    ],
                    "summary": {
                        "covered_lines": 2,
                        "num_statements": 2,
                        "percent_covered": 100.0,
                        "percent_covered_display": "100",
                        "missing_lines": 0,
                        "excluded_lines": 0,
                        "percent_statements_covered": 100.0,
                        "percent_statements_covered_display": "100"
                    },
                    "missing_lines": [],
                    "excluded_lines": []
                },
                "BaseOperation.get_sql": {
                    "executed_lines": [],
                    "summary": {
                        "covered_lines": 0,
                        "num_statements": 1,
                        "percent_covered": 0.0,
                        "percent_covered_display": "0",
                        "missing_lines": 1,
                        "excluded_lines": 0,
                        "percent_statements_covered": 0.0,
                        "percent_statements_covered_display": "0"
                    },
                    "missing_lines": [
                        59
                    ],
                    "excluded_lines": []
                },
                "BaseOperation.get_check_sql": {
                    "executed_lines": [],
                    "summary": {
                        "covered_lines": 0,
                        "num_statements": 1,
                        "percent_covered": 0.0,
                        "percent_covered_display": "0",
                        "missing_lines": 1,
                        "excluded_lines": 0,
                        "percent_statements_covered": 0.0,
                        "percent_statements_covered_display": "0"
                    },
                    "missing_lines": [
                        71
                    ],
                    "excluded_lines": []
                },
                "BaseOperation.validate_params": {
                    "executed_lines": [],
                    "summary": {
                        "covered_lines": 0,
                        "num_statements": 1,
                        "percent_covered": 0.0,
                        "percent_covered_display": "0",
                        "missing_lines": 1,
                        "excluded_lines": 0,
                        "percent_statements_covered": 0.0,
                        "percent_statements_covered_display": "0"
                    },
                    "missing_lines": [
                        89
                    ],
                    "excluded_lines": []
                },
                "BaseOperation._validate_date_range": {
                    "executed_lines": [],
                    "summary": {
                        "covered_lines": 0,
                        "num_statements": 8,
                        "percent_covered": 0.0,
                        "percent_covered_display": "0",
                        "missing_lines": 8,
                        "excluded_lines": 0,
                        "percent_statements_covered": 0.0,
                        "percent_statements_covered_display": "0"
                    },
                    "missing_lines": [
                        105,
                        106,
                        107,
                        109,
                        110,
                        112,
                        113,
                        114
                    ],
                    "excluded_lines": []
                },
                "BaseOperation._validate_required_params": {
                    "executed_lines": [],
                    "summary": {
                        "covered_lines": 0,
                        "num_statements": 4,
                        "percent_covered": 0.0,
                        "percent_covered_display": "0",
                        "missing_lines": 4,
                        "excluded_lines": 0,
                        "percent_statements_covered": 0.0,
                        "percent_statements_covered_display": "0"
                    },
                    "missing_lines": [
                        130,
                        132,
                        133,
                        135
                    ],
                    "excluded_lines": []
                },
                "BaseOperation.execute": {
                    "executed_lines": [],
                    "summary": {
                        "covered_lines": 0,
                        "num_statements": 9,
                        "percent_covered": 0.0,
                        "percent_covered_display": "0",
                        "missing_lines": 9,
                        "excluded_lines": 0,
                        "percent_statements_covered": 0.0,
                        "percent_statements_covered_display": "0"
                    },
                    "missing_lines": [
                        154,
                        156,
                        159,
                        162,
                        165,
                        167,
                        168,
                        172,
                        173
                    ],
                    "excluded_lines": []
                },
                "BaseOperation._process_result": {
                    "executed_lines": [],
                    "summary": {
                        "covered_lines": 0,
                        "num_statements": 5,
                        "percent_covered": 0.0,
                        "percent_covered_display": "0",
                        "missing_lines": 5,
                        "excluded_lines": 0,
                        "percent_statements_covered": 0.0,
                        "percent_statements_covered_display": "0"
                    },
                    "missing_lines": [
                        190,
                        192,
                        198,
                        200,
                        207
                    ],
                    "excluded_lines": []
                },
                "BaseOperation.__str__": {
                    "executed_lines": [],
                    "summary": {
                        "covered_lines": 0,
                        "num_statements": 1,
                        "percent_covered": 0.0,
                        "percent_covered_display": "0",
                        "missing_lines": 1,
                        "excluded_lines": 0,
                        "percent_statements_covered": 0.0,
                        "percent_statements_covered_display": "0"
                    },
                    "missing_lines": [
                        214
                    ],
                    "excluded_lines": []
                },
                "BaseOperation.__repr__": {
                    "executed_lines": [],
                    "summary": {
                        "covered_lines": 0,
                        "num_statements": 1,
                        "percent_covered": 0.0,
                        "percent_covered_display": "0",
                        "missing_lines": 1,
                        "excluded_lines": 0,
                        "percent_statements_covered": 0.0,
                        "percent_statements_covered_display": "0"
                    },
                    "missing_lines": [
                        218
                    ],
                    "excluded_lines": []
                },
                "": {
                    "executed_lines": [
                        1,
                        8,
                        9,
                        10,
                        11,
                        13,
                        16,
                        17,
                        18,
                        19,
                        20,
                        21,
                        22,
                        23,
                        26,
                        27,
                        34,
                        45,
[...]
                11,
                12,
                13,
                16,
                43,
                86,
                129,
                173,
                214,
                246,
                280,
                300,
                328,
                341,
                344,
                347,
                357,
                358,
                359,
                362
            ],
            "summary": {
                "covered_lines": 22,
                "num_statements": 139,
                "percent_covered": 15.827338129496402,
                "percent_covered_display": "16",
                "missing_lines": 117,
                "excluded_lines": 0,
                "percent_statements_covered": 15.827338129496402,
                "percent_statements_covered_display": "16"
            },
            "missing_lines": [
                30,
                31,
                33,
                35,
                36,
                37,
                38,
                40,
                57,
                58,
                61,
                62,
                63,
                66,
                67,
                68,
                69,
                72,
                73,
                76,
                77,
                80,
                81,
                83,
                100,
                101,
                104,
                105,
                106,
                107,
                108,
                111,
                112,
                115,
                116,
                119,
                120,
                123,
                124,
                126,
                143,
                144,
                146,
                149,
                150,
                151,
                153,
                154,
                157,
                158,
                159,
                161,
                166,
                167,
                168,
                170,
                187,
                188,
                190,
                191,
                192,
                194,
                195,
                198,
                199,
                200,
                202,
                203,
                205,
                206,
                208,
                210,
                211,
                228,
                229,
                231,
                232,
                233,
                234,
                235,
                237,
                238,
                240,
                241,
                243,
                256,
                257,
                259,
                262,
                263,
                266,
                267,
                269,
                270,
                271,
                272,
                273,
                276,
                277,
                290,
                291,
                293,
                294,
                295,
                296,
                297,
                310,
                311,
                313,
                317,
                318,
                319,
                322,
                323,
                325,
                342,
                360
            ],
            "excluded_lines": [],
            "functions": {
                "validate_connection_params": {
                    "executed_lines": [],
                    "summary": {
                        "covered_lines": 0,
                        "num_statements": 8,
                        "percent_covered": 0.0,
                        "percent_covered_display": "0",
                        "missing_lines": 8,
                        "excluded_lines": 0,
                        "percent_statements_covered": 0.0,
                        "percent_statements_covered_display": "0"
                    },
                    "missing_lines": [
                        30,
                        31,
                        33,
                        35,
                        36,
                        37,
                        38,
                        40
                    ],
                    "excluded_lines": []
                },
                "_validate_firebird_params": {
                    "executed_lines": [],
                    "summary": {
                        "covered_lines": 0,
                        "num_statements": 16,
                        "percent_covered": 0.0,
                        "percent_covered_display": "0",
                        "missing_lines": 16,
                        "excluded_lines": 0,
                        "percent_statements_covered": 0.0,
                        "percent_statements_covered_display": "0"
                    },
                    "missing_lines": [
                        57,
                        58,
                        61,
                        62,
                        63,
                        66,
                        67,
                        68,
                        69,
                        72,
                        73,
                        76,
                        77,
                        80,
                        81,
                        83
                    ],
                    "excluded_lines": []
                },
                "_validate_sqlserver_params": {
                    "executed_lines": [],
                    "summary": {
                        "covered_lines": 0,
                        "num_statements": 16,
                        "percent_covered": 0.0,
                        "percent_covered_display": "0",
                        "missing_lines": 16,
                        "excluded_lines": 0,
                        "percent_statements_covered": 0.0,
                        "percent_statements_covered_display": "0"
                    },
                    "missing_lines": [
                        100,
                        101,
                        104,
                        105,
                        106,
                        107,
                        108,
                        111,
                        112,
                        115,
                        116,
                        119,
                        120,
                        123,
                        124,
                        126
                    ],
                    "excluded_lines": []
                },
                "validate_firebird_database_path": {
                    "executed_lines": [],
                    "summary": {
                        "covered_lines": 0,
                        "num_statements": 16,
                        "percent_covered": 0.0,
                        "percent_covered_display": "0",
                        "missing_lines": 16,
                        "excluded_lines": 0,
                        "percent_statements_covered": 0.0,
                        "percent_statements_covered_display": "0"
                    },
                    "missing_lines": [
                        143,
                        144,
                        146,
                        149,
                        150,
                        151,
                        153,
                        154,
                        157,
                        158,
                        159,
                        161,
                        166,
                        167,
                        168,
                        170
                    ],
                    "excluded_lines": []
                },
                "validate_date_range": {
                    "executed_lines": [],
                    "summary": {
                        "covered_lines": 0,
                        "num_statements": 17,
                        "percent_covered": 0.0,
                        "percent_covered_display": "0",
                        "missing_lines": 17,
                        "excluded_lines": 0,
                        "percent_statements_covered": 0.0,
                        "percent_statements_covered_display": "0"
                    },
                    "missing_lines": [
                        187,
                        188,
                        190,
                        191,
                        192,
                        194,
                        195,
                        198,
                        199,
                        200,
                        202,
                        203,
                        205,
                        206,
                        208,
                        210,
                        211
                    ],
                    "excluded_lines": []
                },
                "_validate_required_params": {
                    "executed_lines": [],
                    "summary": {
                        "covered_lines": 0,
                        "num_statements": 12,
                        "percent_covered": 0.0,
                        "percent_covered_display": "0",
                        "missing_lines": 12,
                        "excluded_lines": 0,
                        "percent_statements_covered": 0.0,
                        "percent_statements_covered_display": "0"
                    },
                    "missing_lines": [
                        228,
                        229,
                        231,
                        232,
                        233,
                        234,
                        235,
                        237,
                        238,
                        240,
                        241,
                        243
                    ],
                    "excluded_lines": []
                },
                "_validate_host_format": {
                    "executed_lines": [],
                    "summary": {
                        "covered_lines": 0,
                        "num_statements": 14,
                        "percent_covered": 0.0,
                        "percent_covered_display": "0",
                        "missing_lines": 14,
                        "excluded_lines": 0,
                        "percent_statements_covered": 0.0,
                        "percent_statements_covered_display": "0"
                    },
                    "missing_lines": [
                        256,
                        257,
                        259,
                        262,
                        263,
                        266,
                        267,
                        269,
                        270,
                        271,
                        272,
                        273,
                        276,
                        277
                    ],
                    "excluded_lines": []
                },
                "_validate_port": {
                    "executed_lines": [],
                    "summary": {
                        "covered_lines": 0,
                        "num_statements": 7,
                        "percent_covered": 0.0,
                        "percent_covered_display": "0",
                        "missing_lines": 7,
                        "excluded_lines": 0,
                        "percent_statements_covered": 0.0,
                        "percent_statements_covered_display": "0"
                    },
                    "missing_lines": [
                        290,
                        291,
                        293,
                        294,
                        295,
                        296,
                        297
                    ],
                    "excluded_lines": []
                },
                "_validate_database_name": {
                    "executed_lines": [],
                    "summary": {
                        "covered_lines": 0,
                        "num_statements": 9,
                        "percent_covered": 0.0,
                        "percent_covered_display": "0",
                        "missing_lines": 9,
                        "excluded_lines": 0,
                        "percent_statements_covered": 0.0,
                        "percent_statements_covered_display": "0"
                    },
                    "missing_lines": [
                        310,
                        311,
                        313,
                        317,
                        318,
                        319,
                        322,
                        323,
                        325
                    ],
                    "excluded_lines": []
                },
                "validate_sql_query": {
                    "executed_lines": [
                        341,
                        344,
                        347,
                        357,
                        358,
                        359,
                        362
                    ],
                    "summary": {
                        "covered_lines": 7,
                        "num_statements": 9,
                        "percent_covered": 77.77777777777777,
                        "percent_covered_display": "78",
                        "missing_lines": 2,
                        "excluded_lines": 0,
                        "percent_statements_covered": 77.77777777777777,
                        "percent_statements_covered_display": "78"
                    },
                    "missing_lines": [
                        342,
                        360
                    ],
                    "excluded_lines": []
                },
                "": {
                    "executed_lines": [
                        1,
                        9,
                        10,
                        11,
                        12,
                        13,
                        16,
                        43,
                        86,
                        129,
                        173,
                        214,
                        246,
                        280,
                        300,
                        328
                    ],
                    "summary": {
                        "covered_lines": 15,
                        "num_statements": 15,
                        "percent_covered": 100.0,
                        "percent_covered_display": "100",
                        "missing_lines": 0,
                        "excluded_lines": 0,
                        "percent_statements_covered": 100.0,
                        "percent_statements_covered_display": "100"
                    },
                    "missing_lines": [],
                    "excluded_lines": []
                }
            },
            "classes": {
                "": {
                    "executed_lines": [
                        1,
                        9,
                        10,
                        11,
                        12,
                        13,
                        16,
                        43,
                        86,
                        129,
                        173,
                        214,
                        246,
                        280,
                        300,
                        328,
                        341,
                        344,
                        347,
                        357,
                        358,
                        359,
                        362
                    ],
                    "summary": {
                        "covered_lines": 22,
                        "num_statements": 139,
                        "percent_covered": 15.827338129496402,
                        "percent_covered_display": "16",
                        "missing_lines": 117,
                        "excluded_lines": 0,
                        "percent_statements_covered": 15.827338129496402,
                        "percent_statements_covered_display": "16"
                    },
                    "missing_lines": [
                        30,
                        31,
                        33,
                        35,
                        36,
                        37,
                        38,
                        40,
                        57,
                        58,
                        61,
                        62,
                        63,
                        66,
                        67,
                        68,
                        69,
                        72,
                        73,
                        76,
                        77,
                        80,
                        81,
                        83,
                        100,
                        101,
                        104,
                        105,
                        106,
                        107,
                        108,
                        111,
                        112,
                        115,
                        116,
                        119,
                        120,
                        123,
                        124,
                        126,
                        143,
                        144,
                        146,
                        149,
                        150,
                        151,
                        153,
                        154,
                        157,
                        158,
                        159,
                        161,
                        166,
                        167,
                        168,
                        170,
                        187,
                        188,
                        190,
                        191,
                        192,
                        194,
                        195,
                        198,
                        199,
                        200,
                        202,
                        203,
                        205,
                        206,
                        208,
                        210,
                        211,
                        228,
                        229,
                        231,
                        232,
                        233,
                        234,
                        235,
                        237,
                        238,
                        240,
                        241,
                        243,
                        256,
                        257,
                        259,
                        262,
                        263,
                        266,
                        267,
                        269,
                        270,
                        271,
                        272,
                        273,
                        276,
                        277,
                        290,
                        291,
                        293,
                        294,
                        295,
                        296,
                        297,
                        310,
                        311,
                        313,
                        317,
                        318,
                        319,
                        322,
                        323,
                        325,
                        342,
                        360
                    ],
                    "excluded_lines": []
                }
            }
        }
    },
    "totals": {
        "covered_lines": 919,
        "num_statements": 2088,
        "percent_covered": 44.013409961685824,
        "percent_covered_display": "44",
        "missing_lines": 1169,
        "excluded_lines": 0,
        "percent_statements_covered": 44.013409961685824,
        "percent_statements_covered_display": "44"
    }
}